<?xml version="1.0" encoding="UTF-8"?>
<!-- Generated by org.testng.reporters.JUnitXMLReporter -->
<testsuite hostname="LAPTOP-INV4FEQ8" ignored="0" name="TestAAA" tests="2" failures="2" timestamp="06 Jun 2022 00:46:51 GMT" time="2.114" errors="0">
  <testcase name="testAAA" time="1.011" classname="a_family.AAA">
    <failure type="java.lang.AssertionError" message="The following asserts failed:
	expected [Title] but found [Title1],
	expected [Text1] but found [Text]">
      <![CDATA[java.lang.AssertionError: The following asserts failed:
expected [Title] but found [Title1],
expected [Text1] but found [Text]
at a_family.AAA.testAAA(AAA.java:19)
... Removed 26 stack frames]]>
    </failure>
  </testcase> <!-- testAAA -->
  <testcase name="testAAA" time="1.012" classname="a_family.AAA">
    <failure type="java.lang.AssertionError" message="The following asserts failed:
	expected [Title] but found [Title1],
	expected [Text1] but found [Text]">
      <![CDATA[java.lang.AssertionError: The following asserts failed:
expected [Title] but found [Title1],
expected [Text1] but found [Text]
at a_family.AAA.testAAA(AAA.java:19)
... Removed 26 stack frames]]>
    </failure>
  </testcase> <!-- testAAA -->
</testsuite> <!-- TestAAA -->
