<?xml version="1.0" encoding="UTF-8"?>
<testng-results skipped="0" failed="2" ignored="0" total="6" passed="4">
  <reporter-output>
  </reporter-output>
  <suite name="Suite AFamily" duration-ms="7654" started-at="2022-06-06T00:46:43Z" finished-at="2022-06-06T00:46:51Z">
    <groups>
    </groups>
    <test name="TestA" duration-ms="3403" started-at="2022-06-06T00:46:43Z" finished-at="2022-06-06T00:46:46Z">
      <class name="a_family.A">
        <test-method status="PASS" signature="init(org.testng.ITestResult)[pri:0, instance:a_family.A@6ca8564a]" name="init" is-config="true" duration-ms="506" started-at="2022-06-06T00:46:43Z" finished-at="2022-06-06T00:46:44Z">
          <params>
            <param index="0">
              <value>
                <![CDATA[[TestResult name=testA status=SUCCESS method=A.testA(java.lang.String, java.lang.String)[pri:0, instance:a_family.A@6ca8564a] output={null}]]]>
              </value>
            </param>
          </params>
          <reporter-output>
          </reporter-output>
        </test-method> <!-- init -->
        <test-method status="PASS" signature="testA(java.lang.String, java.lang.String)[pri:0, instance:a_family.A@6ca8564a]" name="testA" duration-ms="1042" started-at="2022-06-06T00:46:44Z" data-provider="getDataAFamily" finished-at="2022-06-06T00:46:45Z">
          <params>
            <param index="0">
              <value>
                <![CDATA[User1]]>
              </value>
            </param>
            <param index="1">
              <value>
                <![CDATA[Mathematics]]>
              </value>
            </param>
          </params>
          <reporter-output>
          </reporter-output>
        </test-method> <!-- testA -->
        <test-method status="PASS" signature="exiting()[pri:0, instance:a_family.A@6ca8564a]" name="exiting" is-config="true" duration-ms="628" started-at="2022-06-06T00:46:45Z" finished-at="2022-06-06T00:46:45Z">
          <reporter-output>
          </reporter-output>
        </test-method> <!-- exiting -->
        <test-method status="PASS" signature="init(org.testng.ITestResult)[pri:0, instance:a_family.A@6ca8564a]" name="init" is-config="true" duration-ms="1" started-at="2022-06-06T00:46:45Z" finished-at="2022-06-06T00:46:45Z">
          <params>
            <param index="0">
              <value>
                <![CDATA[[TestResult name=testA status=SUCCESS method=A.testA(java.lang.String, java.lang.String)[pri:0, instance:a_family.A@6ca8564a] output={null}]]]>
              </value>
            </param>
          </params>
          <reporter-output>
          </reporter-output>
        </test-method> <!-- init -->
        <test-method status="PASS" signature="testA(java.lang.String, java.lang.String)[pri:0, instance:a_family.A@6ca8564a]" name="testA" duration-ms="1010" started-at="2022-06-06T00:46:45Z" data-provider="getDataAFamily" finished-at="2022-06-06T00:46:46Z">
          <params>
            <param index="0">
              <value>
                <![CDATA[User2]]>
              </value>
            </param>
            <param index="1">
              <value>
                <![CDATA[Sceince]]>
              </value>
            </param>
          </params>
          <reporter-output>
          </reporter-output>
        </test-method> <!-- testA -->
        <test-method status="PASS" signature="exiting()[pri:0, instance:a_family.A@6ca8564a]" name="exiting" is-config="true" duration-ms="144" started-at="2022-06-06T00:46:46Z" finished-at="2022-06-06T00:46:46Z">
          <reporter-output>
          </reporter-output>
        </test-method> <!-- exiting -->
      </class> <!-- a_family.A -->
    </test> <!-- TestA -->
    <test name="TestAA" duration-ms="2079" started-at="2022-06-06T00:46:46Z" finished-at="2022-06-06T00:46:48Z">
      <class name="a_family.AA">
        <test-method status="PASS" signature="init(org.testng.ITestResult)[pri:0, instance:a_family.AA@188715b5]" name="init" is-config="true" duration-ms="1" started-at="2022-06-06T00:46:46Z" finished-at="2022-06-06T00:46:46Z">
          <params>
            <param index="0">
              <value>
                <![CDATA[[TestResult name=testAA status=SUCCESS method=AA.testAA(java.lang.String, java.lang.String)[pri:0, instance:a_family.AA@188715b5] output={null}]]]>
              </value>
            </param>
          </params>
          <reporter-output>
          </reporter-output>
        </test-method> <!-- init -->
        <test-method status="PASS" signature="testAA(java.lang.String, java.lang.String)[pri:0, instance:a_family.AA@188715b5]" name="testAA" duration-ms="1006" started-at="2022-06-06T00:46:46Z" data-provider="getDataAFamily" finished-at="2022-06-06T00:46:47Z">
          <params>
            <param index="0">
              <value>
                <![CDATA[User3]]>
              </value>
            </param>
            <param index="1">
              <value>
                <![CDATA[Biology]]>
              </value>
            </param>
          </params>
          <reporter-output>
          </reporter-output>
        </test-method> <!-- testAA -->
        <test-method status="PASS" signature="exiting()[pri:0, instance:a_family.AA@188715b5]" name="exiting" is-config="true" duration-ms="29" started-at="2022-06-06T00:46:47Z" finished-at="2022-06-06T00:46:47Z">
          <reporter-output>
          </reporter-output>
        </test-method> <!-- exiting -->
        <test-method status="PASS" signature="init(org.testng.ITestResult)[pri:0, instance:a_family.AA@188715b5]" name="init" is-config="true" duration-ms="0" started-at="2022-06-06T00:46:47Z" finished-at="2022-06-06T00:46:47Z">
          <params>
            <param index="0">
              <value>
                <![CDATA[[TestResult name=testAA status=SUCCESS method=AA.testAA(java.lang.String, java.lang.String)[pri:0, instance:a_family.AA@188715b5] output={null}]]]>
              </value>
            </param>
          </params>
          <reporter-output>
          </reporter-output>
        </test-method> <!-- init -->
        <test-method status="PASS" signature="testAA(java.lang.String, java.lang.String)[pri:0, instance:a_family.AA@188715b5]" name="testAA" duration-ms="1013" started-at="2022-06-06T00:46:47Z" data-provider="getDataAFamily" finished-at="2022-06-06T00:46:48Z">
          <params>
            <param index="0">
              <value>
                <![CDATA[User4]]>
              </value>
            </param>
            <param index="1">
              <value>
                <![CDATA[History]]>
              </value>
            </param>
          </params>
          <reporter-output>
          </reporter-output>
        </test-method> <!-- testAA -->
        <test-method status="PASS" signature="exiting()[pri:0, instance:a_family.AA@188715b5]" name="exiting" is-config="true" duration-ms="22" started-at="2022-06-06T00:46:48Z" finished-at="2022-06-06T00:46:48Z">
          <reporter-output>
          </reporter-output>
        </test-method> <!-- exiting -->
      </class> <!-- a_family.AA -->
    </test> <!-- TestAA -->
    <test name="TestAAA" duration-ms="2114" started-at="2022-06-06T00:46:48Z" finished-at="2022-06-06T00:46:51Z">
      <class name="a_family.AAA">
        <test-method status="PASS" signature="init(org.testng.ITestResult)[pri:0, instance:a_family.AAA@7714e963]" name="init" is-config="true" duration-ms="1" started-at="2022-06-06T00:46:48Z" finished-at="2022-06-06T00:46:48Z">
          <params>
            <param index="0">
              <value>
                <![CDATA[[TestResult name=testAAA status=FAILURE method=AAA.testAAA(java.lang.String, java.lang.String)[pri:0, instance:a_family.AAA@7714e963] output={null}]]]>
              </value>
            </param>
          </params>
          <reporter-output>
          </reporter-output>
        </test-method> <!-- init -->
        <test-method status="FAIL" signature="testAAA(java.lang.String, java.lang.String)[pri:0, instance:a_family.AAA@7714e963]" name="testAAA" duration-ms="1011" started-at="2022-06-06T00:46:48Z" data-provider="getDataAFamily" finished-at="2022-06-06T00:46:49Z">
          <params>
            <param index="0">
              <value>
                <![CDATA[User5]]>
              </value>
            </param>
            <param index="1">
              <value>
                <![CDATA[Civics]]>
              </value>
            </param>
          </params>
          <exception class="java.lang.AssertionError">
            <message>
              <![CDATA[The following asserts failed:
expected [Title] but found [Title1],
expected [Text1] but found [Text]]]>
            </message>
            <full-stacktrace>
              <![CDATA[java.lang.AssertionError: The following asserts failed:
expected [Title] but found [Title1],
expected [Text1] but found [Text]
at org.testng.asserts.SoftAssert.assertAll(SoftAssert.java:43)
at a_family.AAA.testAAA(AAA.java:19)
at sun.reflect.NativeMethodAccessorImpl.invoke0(Native Method)
at sun.reflect.NativeMethodAccessorImpl.invoke(NativeMethodAccessorImpl.java:62)
at sun.reflect.DelegatingMethodAccessorImpl.invoke(DelegatingMethodAccessorImpl.java:43)
at java.lang.reflect.Method.invoke(Method.java:498)
at org.testng.internal.MethodInvocationHelper.invokeMethod(MethodInvocationHelper.java:124)
at org.testng.internal.Invoker.invokeMethod(Invoker.java:583)
at org.testng.internal.Invoker.invokeTestMethod(Invoker.java:719)
at org.testng.internal.Invoker.invokeTestMethods(Invoker.java:989)
at org.testng.internal.TestMethodWorker.invokeTestMethods(TestMethodWorker.java:125)
at org.testng.internal.TestMethodWorker.run(TestMethodWorker.java:109)
at org.testng.TestRunner.privateRun(TestRunner.java:648)
at org.testng.TestRunner.run(TestRunner.java:505)
at org.testng.SuiteRunner.runTest(SuiteRunner.java:455)
at org.testng.SuiteRunner.runSequentially(SuiteRunner.java:450)
at org.testng.SuiteRunner.privateRun(SuiteRunner.java:415)
at org.testng.SuiteRunner.run(SuiteRunner.java:364)
at org.testng.SuiteRunnerWorker.runSuite(SuiteRunnerWorker.java:52)
at org.testng.SuiteRunnerWorker.run(SuiteRunnerWorker.java:84)
at org.testng.TestNG.runSuitesSequentially(TestNG.java:1208)
at org.testng.TestNG.runSuitesLocally(TestNG.java:1137)
at org.testng.TestNG.runSuites(TestNG.java:1049)
at org.testng.TestNG.run(TestNG.java:1017)
at org.testng.remote.AbstractRemoteTestNG.run(AbstractRemoteTestNG.java:115)
at org.testng.remote.RemoteTestNG.initAndRun(RemoteTestNG.java:251)
at org.testng.remote.RemoteTestNG.main(RemoteTestNG.java:77)
]]>
            </full-stacktrace>
          </exception> <!-- java.lang.AssertionError -->
          <reporter-output>
          </reporter-output>
        </test-method> <!-- testAAA -->
        <test-method status="PASS" signature="exiting()[pri:0, instance:a_family.AAA@7714e963]" name="exiting" is-config="true" duration-ms="23" started-at="2022-06-06T00:46:49Z" finished-at="2022-06-06T00:46:50Z">
          <reporter-output>
          </reporter-output>
        </test-method> <!-- exiting -->
        <test-method status="FAIL" signature="testAAA(java.lang.String, java.lang.String)[pri:0, instance:a_family.AAA@7714e963]" name="testAAA" duration-ms="1012" started-at="2022-06-06T00:46:50Z" data-provider="getDataAFamily" finished-at="2022-06-06T00:46:51Z">
          <params>
            <param index="0">
              <value>
                <![CDATA[User6]]>
              </value>
            </param>
            <param index="1">
              <value>
                <![CDATA[Economics]]>
              </value>
            </param>
          </params>
          <exception class="java.lang.AssertionError">
            <message>
              <![CDATA[The following asserts failed:
expected [Title] but found [Title1],
expected [Text1] but found [Text]]]>
            </message>
            <full-stacktrace>
              <![CDATA[java.lang.AssertionError: The following asserts failed:
expected [Title] but found [Title1],
expected [Text1] but found [Text]
at org.testng.asserts.SoftAssert.assertAll(SoftAssert.java:43)
at a_family.AAA.testAAA(AAA.java:19)
at sun.reflect.NativeMethodAccessorImpl.invoke0(Native Method)
at sun.reflect.NativeMethodAccessorImpl.invoke(NativeMethodAccessorImpl.java:62)
at sun.reflect.DelegatingMethodAccessorImpl.invoke(DelegatingMethodAccessorImpl.java:43)
at java.lang.reflect.Method.invoke(Method.java:498)
at org.testng.internal.MethodInvocationHelper.invokeMethod(MethodInvocationHelper.java:124)
at org.testng.internal.Invoker.invokeMethod(Invoker.java:583)
at org.testng.internal.Invoker.invokeTestMethod(Invoker.java:719)
at org.testng.internal.Invoker.invokeTestMethods(Invoker.java:989)
at org.testng.internal.TestMethodWorker.invokeTestMethods(TestMethodWorker.java:125)
at org.testng.internal.TestMethodWorker.run(TestMethodWorker.java:109)
at org.testng.TestRunner.privateRun(TestRunner.java:648)
at org.testng.TestRunner.run(TestRunner.java:505)
at org.testng.SuiteRunner.runTest(SuiteRunner.java:455)
at org.testng.SuiteRunner.runSequentially(SuiteRunner.java:450)
at org.testng.SuiteRunner.privateRun(SuiteRunner.java:415)
at org.testng.SuiteRunner.run(SuiteRunner.java:364)
at org.testng.SuiteRunnerWorker.runSuite(SuiteRunnerWorker.java:52)
at org.testng.SuiteRunnerWorker.run(SuiteRunnerWorker.java:84)
at org.testng.TestNG.runSuitesSequentially(TestNG.java:1208)
at org.testng.TestNG.runSuitesLocally(TestNG.java:1137)
at org.testng.TestNG.runSuites(TestNG.java:1049)
at org.testng.TestNG.run(TestNG.java:1017)
at org.testng.remote.AbstractRemoteTestNG.run(AbstractRemoteTestNG.java:115)
at org.testng.remote.RemoteTestNG.initAndRun(RemoteTestNG.java:251)
at org.testng.remote.RemoteTestNG.main(RemoteTestNG.java:77)
]]>
            </full-stacktrace>
          </exception> <!-- java.lang.AssertionError -->
          <reporter-output>
          </reporter-output>
        </test-method> <!-- testAAA -->
        <test-method status="PASS" signature="init(org.testng.ITestResult)[pri:0, instance:a_family.AAA@7714e963]" name="init" is-config="true" duration-ms="0" started-at="2022-06-06T00:46:50Z" finished-at="2022-06-06T00:46:50Z">
          <params>
            <param index="0">
              <value>
                <![CDATA[[TestResult name=testAAA status=FAILURE method=AAA.testAAA(java.lang.String, java.lang.String)[pri:0, instance:a_family.AAA@7714e963] output={null}]]]>
              </value>
            </param>
          </params>
          <reporter-output>
          </reporter-output>
        </test-method> <!-- init -->
        <test-method status="PASS" signature="exiting()[pri:0, instance:a_family.AAA@7714e963]" name="exiting" is-config="true" duration-ms="53" started-at="2022-06-06T00:46:51Z" finished-at="2022-06-06T00:46:51Z">
          <reporter-output>
          </reporter-output>
        </test-method> <!-- exiting -->
      </class> <!-- a_family.AAA -->
    </test> <!-- TestAAA -->
  </suite> <!-- Suite AFamily -->
</testng-results>
